<?xml version='1.0' encoding='UTF-8'?>
<testsuite hostname="vgorcinschi-Inspiron-5548" name="ca.vgorcinschi.algorithms1_4_20.BitonicSearchTests" tests="1" errors="0" failures="1" time="0.296">
                     <properties>
[...]
</properties>
                     <testcase classname="ca.vgorcinschi.algorithms1_4_20.BitonicSearchTests" name="test Bitonic Search" time="0.296">
                                                 <failure message="TestFailedException was thrown during property evaluation.
  Message: -1 equaled -1
  Location: (BitonicSearchTests.scala:25)
  Occurred when passed generated values (
    arg0 = Array()
  )" type="org.scalatest.exceptions.GeneratorDrivenPropertyCheckFailedException">org.scalatest.exceptions.GeneratorDrivenPropertyCheckFailedException: TestFailedException was thrown during property evaluation.
  Message: -1 equaled -1
  Location: (BitonicSearchTests.scala:25)
  Occurred when passed generated values (
    arg0 = Array()
  )
	at org.scalatest.enablers.CheckerAsserting$$anon$2.indicateFailure(CheckerAsserting.scala:231)
	at org.scalatest.enablers.CheckerAsserting$$anon$2.indicateFailure(CheckerAsserting.scala:219)
	at org.scalatest.enablers.UnitCheckerAsserting$CheckerAssertingImpl.check(CheckerAsserting.scala:158)
	at org.scalatest.prop.GeneratorDrivenPropertyChecks.forAll(GeneratorDrivenPropertyChecks.scala:944)
	at org.scalatest.prop.GeneratorDrivenPropertyChecks.forAll$(GeneratorDrivenPropertyChecks.scala:920)
	at ca.vgorcinschi.algorithms1_4_20.BitonicSearchTests.forAll(BitonicSearchTests.scala:8)
	at ca.vgorcinschi.algorithms1_4_20.BitonicSearchTests.$anonfun$new$1(BitonicSearchTests.scala:23)
	at org.scalatest.OutcomeOf.outcomeOf(OutcomeOf.scala:85)
	at org.scalatest.OutcomeOf.outcomeOf$(OutcomeOf.scala:83)
	at org.scalatest.OutcomeOf$.outcomeOf(OutcomeOf.scala:104)
	at org.scalatest.Transformer.apply(Transformer.scala:22)
	at org.scalatest.Transformer.apply(Transformer.scala:20)
	at org.scalatest.FunSuiteLike$$anon$1.apply(FunSuiteLike.scala:186)
	at org.scalatest.TestSuite.withFixture(TestSuite.scala:196)
	at org.scalatest.TestSuite.withFixture$(TestSuite.scala:195)
	at org.scalatest.FunSuite.withFixture(FunSuite.scala:1560)
	at org.scalatest.FunSuiteLike.invokeWithFixture$1(FunSuiteLike.scala:184)
	at org.scalatest.FunSuiteLike.$anonfun$runTest$1(FunSuiteLike.scala:196)
	at org.scalatest.SuperEngine.runTestImpl(Engine.scala:289)
	at org.scalatest.FunSuiteLike.runTest(FunSuiteLike.scala:196)
	at org.scalatest.FunSuiteLike.runTest$(FunSuiteLike.scala:178)
	at org.scalatest.FunSuite.runTest(FunSuite.scala:1560)
	at org.scalatest.FunSuiteLike.$anonfun$runTests$1(FunSuiteLike.scala:229)
	at org.scalatest.SuperEngine.$anonfun$runTestsInBranch$1(Engine.scala:396)
	at scala.collection.immutable.List.foreach(List.scala:378)
	at org.scalatest.SuperEngine.traverseSubNodes$1(Engine.scala:384)
	at org.scalatest.SuperEngine.runTestsInBranch(Engine.scala:379)
	at org.scalatest.SuperEngine.runTestsImpl(Engine.scala:461)
	at org.scalatest.FunSuiteLike.runTests(FunSuiteLike.scala:229)
	at org.scalatest.FunSuiteLike.runTests$(FunSuiteLike.scala:228)
	at org.scalatest.FunSuite.runTests(FunSuite.scala:1560)
	at org.scalatest.Suite.run(Suite.scala:1147)
	at org.scalatest.Suite.run$(Suite.scala:1129)
	at org.scalatest.FunSuite.org$scalatest$FunSuiteLike$$super$run(FunSuite.scala:1560)
	at org.scalatest.FunSuiteLike.$anonfun$run$1(FunSuiteLike.scala:233)
	at org.scalatest.SuperEngine.runImpl(Engine.scala:521)
	at org.scalatest.FunSuiteLike.run(FunSuiteLike.scala:233)
	at org.scalatest.FunSuiteLike.run$(FunSuiteLike.scala:232)
	at org.scalatest.FunSuite.run(FunSuite.scala:1560)
	at org.scalatest.tools.Framework.org$scalatest$tools$Framework$$runSuite(Framework.scala:314)
	at org.scalatest.tools.Framework$ScalaTestTask.execute(Framework.scala:507)
	at sbt.TestRunner.runTest$1(TestFramework.scala:76)
	at sbt.TestRunner.run(TestFramework.scala:85)
	at sbt.TestFramework$$anon$2$$anonfun$$init$$1$$anonfun$apply$8.apply(TestFramework.scala:202)
	at sbt.TestFramework$$anon$2$$anonfun$$init$$1$$anonfun$apply$8.apply(TestFramework.scala:202)
	at sbt.TestFramework$.sbt$TestFramework$$withContextLoader(TestFramework.scala:185)
	at sbt.TestFramework$$anon$2$$anonfun$$init$$1.apply(TestFramework.scala:202)
	at sbt.TestFramework$$anon$2$$anonfun$$init$$1.apply(TestFramework.scala:202)
	at sbt.TestFunction.apply(TestFramework.scala:207)
	at sbt.Tests$$anonfun$9.apply(Tests.scala:216)
	at sbt.Tests$$anonfun$9.apply(Tests.scala:216)
	at sbt.std.Transform$$anon$3$$anonfun$apply$2.apply(System.scala:44)
	at sbt.std.Transform$$anon$3$$anonfun$apply$2.apply(System.scala:44)
	at sbt.std.Transform$$anon$4.work(System.scala:63)
	at sbt.Execute$$anonfun$submit$1$$anonfun$apply$1.apply(Execute.scala:228)
	at sbt.Execute$$anonfun$submit$1$$anonfun$apply$1.apply(Execute.scala:228)
	at sbt.ErrorHandling$.wideConvert(ErrorHandling.scala:17)
	at sbt.Execute.work(Execute.scala:237)
	at sbt.Execute$$anonfun$submit$1.apply(Execute.scala:228)
	at sbt.Execute$$anonfun$submit$1.apply(Execute.scala:228)
	at sbt.ConcurrentRestrictions$$anon$4$$anonfun$1.apply(ConcurrentRestrictions.scala:159)
	at sbt.CompletionService$$anon$2.call(CompletionService.scala:28)
	at java.util.concurrent.FutureTask.run(FutureTask.java:266)
	at java.util.concurrent.Executors$RunnableAdapter.call(Executors.java:511)
	at java.util.concurrent.FutureTask.run(FutureTask.java:266)
	at java.util.concurrent.ThreadPoolExecutor.runWorker(ThreadPoolExecutor.java:1142)
	at java.util.concurrent.ThreadPoolExecutor$Worker.run(ThreadPoolExecutor.java:617)
	at java.lang.Thread.run(Thread.java:748)
Caused by: org.scalatest.exceptions.TestFailedException: -1 equaled -1
	at org.scalatest.MatchersHelper$.indicateFailure(MatchersHelper.scala:340)
	at org.scalatest.Matchers$ShouldMethodHelper$.shouldNotMatcher(Matchers.scala:6676)
	at org.scalatest.Matchers$AnyShouldWrapper.shouldNot(Matchers.scala:7108)
	at ca.vgorcinschi.algorithms1_4_20.BitonicSearchTests.$anonfun$new$2(BitonicSearchTests.scala:25)
	at org.scalatest.prop.GeneratorDrivenPropertyChecks.liftedTree9$1(GeneratorDrivenPropertyChecks.scala:931)
	at org.scalatest.prop.GeneratorDrivenPropertyChecks.$anonfun$forAll$7(GeneratorDrivenPropertyChecks.scala:930)
	at org.scalacheck.Prop$.$anonfun$forAllShrink$2(Prop.scala:712)
	at org.scalacheck.Prop$.secure(Prop.scala:456)
	at org.scalacheck.Prop$.result$1(Prop.scala:712)
	at org.scalacheck.Prop$.$anonfun$forAllShrink$1(Prop.scala:749)
	at org.scalacheck.Prop$.$anonfun$apply$1(Prop.scala:292)
	at org.scalacheck.PropFromFun.apply(Prop.scala:22)
	at org.scalacheck.Test$.workerFun$1(Test.scala:294)
	at org.scalacheck.Test$.$anonfun$check$1(Test.scala:323)
	at org.scalacheck.Test$.$anonfun$check$1$adapted(Test.scala:323)
	at org.scalacheck.Platform$.runWorkers(Platform.scala:40)
	at org.scalacheck.Test$.check(Test.scala:323)
	at org.scalatest.enablers.UnitCheckerAsserting$CheckerAssertingImpl.check(CheckerAsserting.scala:88)
	... 65 more
</failure>
                                               </testcase>
                     <system-out></system-out>
                     <system-err></system-err>
                   </testsuite>