<?xml version='1.0' encoding='UTF-8'?>
<testsuite hostname="localhost.localdomain" name="ca.vgorcinschi.algorithms1_5_17.GeneratorSpec" tests="1" errors="0" failures="0" skipped="0" time="0.104">
                     <properties>
[...]
</properties>
                     <testcase classname="ca.vgorcinschi.algorithms1_5_17.GeneratorSpec" name="choose" time="0.104">
                                                 
                                               </testcase>
                     <system-out><![CDATA[]]></system-out>
                     <system-err><![CDATA[]]></system-err>
                   </testsuite>